750
969
163 12
962
890
836
160 30
126 32
802
779
771
761
102 80
745
732
96 93
728
95 115
725
76 129
723
645
638
65 134
36 156
588
567
557
550
57 10
37 26
546
497
0 31
488
472
416
69 8
68 15
314
294
286
260
241
219
217
197
196
64 20
179
154
127
125
113
996 6
109
83
78
28
22
994
964
954
967 18
950
942
939
965 124
958 146
924
913
957 151
889
877
867
799
775
746
949 165
930 173
739
706
838 227
834 244
654
623
606
818 252
810 273
576
561
774 290
559
555
508
480
769 336
468
404
758 350
387
381
367
329
753 355
715 365
711 373
684 382
320
301
300
287
277
275
657 405
254
651 426
247
216
211
590 437
585 459
201
187
181
149
145
87
50
38
19
13
972
963
923
582 474
899
579 528
887
880
864
855
830
803
792
777
768
563 534
517 547
757
503 566
756
755
729
704
679
677
648
644
629
616
551
541
539
509
504
485
479
467
501 573
457
451
450
478 624
433
465 664
429
423
411
370
364
360
349
348
313
302
296
281
228
166
148
139
353 689
103
92
90
89
81
34
23
11
5
4
992
986
951
936
926
907
338 695
288 737
905
266 763
900
896
250 805
238 857
860
736
234 866
712
688
641
627
614
613
594
549
532
530
226 879
507
500
499
463
462
198 920
172 943
171 952
456
389
168 973
123 40
305
292
265
208
202
167
106
98
70
48
35
21
9
998
987
970
944
61 144
921
888
878
870
47 147
990 157
845
844
934 182
927 188
831
820
812
743
718
919 259
708
707
918 285
911 297
882 321
871 330
671
816 345
663
789 371
650
610
584
570
554
533
759 388
710 407
709 414
516
502
436
628 443
435
393
391
361
352
601 490
599 518
347
580 525
577 562
272
251
245
189
159
120
111
41
545 571
25
3
978
935
922
906
886
865
863
852
464 583
821
815
390 625
786
754
719
687
669
605
604
385 643
597
596
366 653
359 662
526
483
460
442
430
421
406
400
396
369
362
358
328
311
331 675
280 697
299
284
279
278
267
261
255
233
232
229
225
203
178
142
73
60
39
997
975
933
931
271 705
223 760
218 794
925
143 801
116 833
71 835
908
875
851
850
59 841
849
839
827
811
804
787
55 853
776
727
724
693
682
656
640
593
591
565
560
536
514
473
46 862
824 49
446
440
439
319
309
283
274
240
222
213
806 52
212
193
177
140
100
63
62
29
793 72
24
7
983
917
895
781 99
773 130
893
874
869
842
826
823
822
819
809
807
791
790
785
778
731 133
742
733
720 137
713
717 138
702
698 231
692
690
676 236
668 270
680
672
667
658
652
666 304
611
574
540
520
519
491
489
486
453
425
412
380
378
377
660 307
637 318
356
346
342
332
315
312
303
636 327
298
239
209
186
184
174
136
121
77
633 368
75
45
1
976
966
955
938
914
854
848
843
829
772
632 376
631 383
630 394
767
764
747
741
738
730
678
655
647
621
592
575
556
538
531
515
441
431
397
379
374
357
354
608 410
351
340
607 422
334
326
325
535 424
498 452
323
316
293
258
235
230
484 455
205
176
170
164
132
112
110
107
432 482
384 494
343 537
74
989
971
337 544
959
948
859
784
780
766
748
734
722
694
691
649
646
642
639
626
602
569
335 674
506
505
493
477
448
420
333
317
308
282
276
268
220
210
194
192
141
135
43
42
33
17
16
14
122
56
269 701
257 703
248 716
246 726
224 765
215 770
214 800
161 832
158 858
131 881
119 912
85 932
82 956
66 977
58 988
974 67
968 101
946 105
941 150
940 153
909 155
904 195
901 200
898 243
884 256
883 386
788 401
782 402
752 415
700 438
685 447
683 458
673 461
659 475
635 481
634 513
618 522
589 524
586 617
552 620
548 665
542 670
527 686
476 714
466 735
419 740
417 751
399 813
395 817
310 840
295 846
291 856
264 873
237 885
191 929
185 960
175 982
117 991
86 993
999 27
985 51
980 88
945 91
916 94
902 108
892 114
798 118
783 162
750 169
749 183
696 242
603 249
600 262
598 263
587 289
578 339
568 341
564 344
558 372
523 392
512 408
496 409
449 469
445 470
427 471
418 511
403 521
398 543
363 553
324 581
322 615
253 661
221 721
207 744
190 795
180 796
152 797
104 814
84 847
79 861
54 894
53 995
876 199
595 434
495 609
492 622
529 572
428 612
128 825
2 872
981 891
961 903
910 937
897 947
868 953
828 984
510 444
487 454
206 808
979 44
762 413
699 204
306 619
97 837
375 681
928 915
