###
A
CHARENTON-LE-PONT
MANCENANS-LIZERNE
THIEUX
SAINT-MARTIN-DE-LA-BRASQUE
SAINT-CYR
SAINT-BONNET-LE-TRONCY
MONETEAU
MOVAL
URCUIT
HOUDELAINCOURT
POUVRAI
DON
BELBEZE-EN-COMMINGES
CONCRIERS
LOZE
NERAC
VRIGNE-MEUSE
IRISSARRY
SOUVIGNE
CONNE-DE-LABARDE
COUTEVROULT
SAUVIAC
HEIDOLSHEIM
BERNIERES-SUR-MER
SAINT-LONGIS
VILLENEUVE-LES-CHARNOD
GUIMPS
SAINT-BONNET-LES-OULES
NORROIS
LESSARD-EN-BRESSE
PEYRIAT
CROSNE
VAUX-SUR-SAINT-URBAIN
SAINT-SATURNIN-SUR-LOIRE
BUNZAC
MALEGOUDE
MURS-ET-GELIGNIEUX
DOMLOUP
SAINT-PIERRE-DE-VARENNES
MOULINEAUX
ALBUSSAC
MONTROND-LES-BAINS
THOREY
LABASTIDE-DU-VERT
MARCORIGNAN
GROSNE
ARZON
SOYERS
DAINVILLE-BERTHELEVILLE
MERCK-SAINT-LIEVIN
PONT-D'OUILLY
MONTMAGNY
CHANU
CHAMEANE
SEPVRET
AUBERCOURT
BREVILLE-LES-MONTS
SAINT-ILPIZE
SAINT-LOUP-NANTOUARD
SAINT-MARCEL-DE-FELINES
BOURGEAUVILLE
MESLAY-DU-MAINE
ROUZIERS-DE-TOURAINE
BANS
LORGIES
CENSEAU
MOELAN-SUR-MER
BEUSSENT
RUILLE-LE-GRAVELAIS
TAILHAC
ENTRECASTEAUX
BEIRE-LE-CHATEL
RAFFETOT
BARDIGUES
COULONGE
FRESNOY-LE-CHATEAU
OUZOUER-SUR-LOIRE
SAINT-BEAT
CLESSE
THORRENC
FILSTROFF
VIC-SUR-SEILLE
ANDELAROCHE
SAINT-PIERRE-DU-MESNIL
JOUX-LA-VILLE
SAINT-PRIEST-LES-FOUGERES
SAUSSES
NAUJAC-SUR-MER
THYEZ
LABASTIDE-CEZERACQ
SENEZ
DRUILLAT
ZOUAFQUES
PERTAIN
VOLGELSHEIM
PARROY
SERVIGNEY
CORRENCON-EN-VERCORS
ALBERT
TROIS-RIVIERES
BOUFFRY
LANSLEVILLARD
SAINT-MARTIN-CANTALES
SAINT-PAUL-LA-ROCHE
WEYERSHEIM
RIGNEY
MORVILLERS
SAINT-RAPHAEL
SAINT-FELIX-DE-SORGUES
MIRABEL-ET-BLACONS
CHATEAU-D'OLONNE
MONT-SAINT-MARTIN
BRAIN
AZERAILLES
TAILLANCOURT
SAINT-ARROUMEX
CANVILLE-LA-ROCQUE
HEBECREVON
BOURGET-EN-HUILE
ESSERVAL-TARTRE
SAINT-ROMAIN-ET-SAINT-CLEMENT
LAVELANET
BOURBACH-LE-HAUT
ILHET
FRESNAY
BERSON
LABASTIDE-VILLEFRANCHE
MADONNE-ET-LAMEREY
FORFRY
SAINT-MARTIN-CHOQUEL
MESNIL-ROUSSET
BOISSE
GORRON
AJONCOURT
MARNES-LA-COQUETTE
NIEUL-SUR-L'AUTISE
BELLEGARDE-EN-DIOIS
LORMONT
SAINT-DIDIER-DE-LA-TOUR
VYANS-LE-VAL
LATAULE
PAVIE
RIVEL
NOYANT-DE-TOURAINE
SAINT-JOSEPH-DES-BANCS
REDESSAN
AVESNES-SUR-HELPE
ECUELLE
MONLEZUN
SENESTIS
VILLENEUVE-SAINT-VISTRE-ET-VILLEVOTTE
VESCOURS
CHAMBON-LA-FORET
PIERREGOT
CATERI
BEAUMONT-LA-FERRIERE
MALLEVAL
BIOL
WAILLY-BEAUCAMP
MAGOAR
LABASTIDE-PAUMES
NOGENT-SUR-EURE
GERBAMONT
TOULONJAC
GIUNCAGGIO
NARGIS
MAUREILLAS-LAS-ILLAS
PUJOLS-SUR-CIRON
LOC-ENVEL
CHASNE-SUR-ILLET
FLASSIGNY
BOZAS
LIGNAC
SAINTE-CHRISTINE
VILLARD-D'HERY
BRAISNES
SAINT-NICOLAS-DE-BOURGUEIL
RICARVILLE
CHANALEILLES
VIRICELLES
VRAIVILLE
THEMINETTES
NAILLAT
GRANGES-SUR-BAUME
BORVILLE
VILLERS-EN-VEXIN
CUGNY
SAINT-PRIEST-BRAMEFANT
BRERES
BREZILHAC
RECHICOURT-LE-CHATEAU
LARAMIERE
SAINT-LOUP-DE-GONOIS
TAVEY
DOLMAYRAC
SAINT-BOUIZE
CEINTREY
NANTEY
AUTREVILLE-SAINT-LAMBERT
FOURNEAUX-LE-VAL
POUZOLS-MINERVOIS
MONDOUZIL
LAMOURA
VALMANYA
BEAUFORT-EN-VALLEE
MARMOUTIER
BARTRES
NOURRAY
ARZENS
SILLY-EN-SAULNOIS
HEUCHIN
CANLY
NURET-LE-FERRON
BUE
BAVINCHOVE
THOARD
NOISY-SUR-ECOLE
SAUCHY-CAUCHY
SAINT-REMY-CHAUSSEE
BERNAC-DEBAT
HARPRICH
VENTRON
GRANGES-LE-BOURG
NEUFMOULIN
SAINT-ETIENNE-SUR-SUIPPE
MIGNERETTE
VILLIERS-SUR-CHIZE
SIEURAC
JULIENAS
VITTONCOURT
PLAISANCE-DU-TOUCH
SAINT-DENIS-DE-VAUX
MESLAY
VARENNES-VAUZELLES
PIERREPONT
IDS-SAINT-ROCH
QUEBRIAC
ATHIES-SOUS-LAON
MONTREUIL-L'ARGILLE
QUELNEUC
CEAUX-EN-COUHE
VARESSIA
ETROUSSAT
BEUTAL
BAUDREMONT
RANDENS
WALLERS-EN-FAGNE
WAVRECHAIN-SOUS-FAULX
DRACY-LE-FORT
EMPEAUX
BAGNERES-DE-BIGORRE
LINAC
JOUHET
MONFERRAN-SAVES
MILLONFOSSE
ROULLEE
CEYZERIAT
VENOY
MONTMAHOUX
BERNEDE
ASSE-LE-BOISNE
DOMBLAIN
MENSIGNAC
INTREVILLE
THIL-MANNEVILLE
FLEURY-SUR-LOIRE
VREGNY
GUGNEY
SOMME-BIONNE
DOMPIERRE-SUR-CHALARONNE
GRANGES-D'ANS
ONARD
DINGE
ANCRETIEVILLE-SAINT-VICTOR
LECTOURE
MAXILLY-SUR-SAONE
TREVIGNIN
VERNEUIL-SUR-VIENNE
COMMEAUX
SAINT-GERMAIN-DE-LONGUE-CHAUME
SAINT-SILVAIN-MONTAIGUT
VIGNOLS
BELFORT
CHASSEY-LES-MONTBOZON
PLEGUIEN
BUSSIERES-ET-PRUNS
MARMOUILLE
HERRERE
BERTHENICOURT
BOURG-SAINTE-MARIE
BESANCON
TRIPLEVILLE
MASSONGY
SAINTE-FOI
ESSOMES-SUR-MARNE
DAMPIERRE-EN-BRAY
SILLANS-LA-CASCADE
JALESCHES
CHOISY-LA-VICTOIRE
CHATEAUNEUF-LE-ROUGE
ELENCOURT
LIVERDUN
CHASSAGNY
REMBERCOURT-SOMMAISNE
HALLENNES-LEZ-HAUBOURDIN
AGONAC
SAINT-GERAUD
ORAIN
HUMBERVILLE
DARBONNAY
FOUR
RUMAUCOURT
ROUFFIAC
AUNEAU
OBRECK
LANDUNVEZ
COURSEULLES-SUR-MER
GRAISSESSAC
ROYNAC
PAIZAY-LE-CHAPT
LACHAISE
ANLEZY
THONAC
SAINT-CYR-LES-CHAMPAGNES
DOUVRES-LA-DELIVRANDE
PRECHACQ-JOSBAIG
SAINT-BONNET-DE-CHIRAC
AURADE
BRESTOT
GOUT-ROSSIGNOL
SELONCOURT
CHANNAY
YVRAC-ET-MALLEYRAND
SANSAC-VEINAZES
BOURESSE
VASSENS
EVANS
SAINT-GINEIS-EN-COIRON
PEYPIN-D'AIGUES
CABRIS
BOESSE-LE-SEC
LOZAY
SEMUR-EN-BRIONNAIS
DAGNY-LAMBERCY
ARBAS
OISSEAU-LE-PETIT
AUZEVILLE-TOLOSANE
LACADEE
VARZY
CHEVIGNEY-SUR-L'OGNON
MORTAGNE-AU-PERCHE
ROESCHWOOG
SAILLY
RIOLS
USINENS
DURBAN-SUR-ARIZE
PEYRABOUT
PETIVILLE
REBREUVIETTE
MENTHON-SAINT-BERNARD
AUZAY
MONTEILLE
ZIMMING
SAINT-GERMAIN-DES-BOIS
NIJON
SAINT-NAZAIRE
RIGNY
TOULON-SUR-ARROUX
FLAUCOURT
FOURMAGNAC
REVIGNY-SUR-ORNAIN
MARCHESEUIL
PUBERG
CHARLEVILLE-SOUS-BOIS
SAINT-PIERRE-MONTLIMART
FONTES
CHATEAUVILLAIN
OUDEUIL
BAR-SUR-SEINE
CHAMPAGNIER
LACHAPELLE-SOUS-CHAUX
CHATEAUNEUF-DU-PAPE
LETANNE
SAINT-FLORET
LENTILLERES
LENTIOL
JARS
QUAIX-EN-CHARTREUSE
AUDRIEU
SAINT-DENIS-SUR-SCIE
FORMIGNY
LECCI
ESPIET
JURIGNAC
BACCON
SAINT-POINT-LAC
SAINT-JEAN-LE-THOMAS
CHAMPEY
AILLEVILLE
SAINT-ETIENNE-LE-MOLARD
STRENQUELS
IVORS
SAINT-GERMAIN-DE-PASQUIER
AURICE
ECLOSE
CHEVINAY
VINDEFONTAINE
LANNE-EN-BARETOUS
MARSOULAS
FOUGERES-SUR-BIEVRE
PIONNAT
CORNUSSE
ANNOIX
BEBING
CAILLAVET
HOUPLINES
BECOURT
CHAMP-LAURENT
WALBACH
MOUCHIN
PELONNE
SAINT-MICHEL-DE-SAINT-GEOIRS
SOCX
EULMONT
SAINT-JEAN-DE-DURAS
ROPPENTZWILLER
SERVIN
RONGERES
SAINT-CREAC
SAINTE-COLOMBE-DE-LA-COMMANDERIE
BOURG-LA-REINE
SAINT-MARTIN-DES-BESACES
MAURENS
VALHUON
THOIRAS
SAINT-GERMAIN-DE-MARTIGNY
LABASTIDE-BEAUVOIR
CORMOZ
LOUSLITGES
PENNESIERES
GRAND-VABRE
SAINT-BLAISE
SONAC
IRIGNY
PONTOURS
GUYONVELLE
SAINT-LAURENT-DES-COMBES
MAIZERY
TREPAIL
BETHINES
CHARMOIS
CERELLES
SALLES-D'AUDE
AGME
CHORGES
JOUEY
NIELLES-LES-BLEQUIN
SAVIGNEUX
VILLIERS-LE-ROUX
TANGRY
ALLEMAGNE-EN-PROVENCE
LAUDREFANG
ADAM-LES-PASSAVANT
HAMBACH
TOUZAC
MURVIEL-LES-BEZIERS
LAUNOIS-SUR-VENCE
LUSSERAY
PONT-SUR-YONNE
BAYERS
BERNOUVILLE
CAUSSADE-RIVIERE
ASTUGUE
ARZENC-D'APCHER
GIVENCHY-LE-NOBLE
PIERRE-BENITE
SAINT-PIERRE-DU-FRESNE
CRONCE
NANT-LE-PETIT
MANHEULLES
SAINT-JULIEN-LABROUSSE
VIEL-SAINT-REMY
SAINT-GAL
VITRIMONT
SAINT-HILAIRE-LEZ-CAMBRAI
DIGNONVILLE
RION-DES-LANDES
ROSSFELD
GAUSSON
LANUEJOULS
CHATEAUNEUF-DE-BORDETTE
MEZIERES-SUR-SEINE
EPOUVILLE
SAILLAC
RUOMS
LABARTHE-SUR-LEZE
NIVILLAC
SAINT-HILAIRE
GIROLLES
LOIGNY-LA-BATAILLE
BOISSY-FRESNOY
VACHERES
LAUTIGNAC
DINTEVILLE
EPEIGNE-SUR-DEME
BARNEVILLE-SUR-SEINE
PARNE-SUR-ROC
BRENGUES
PLEURS
LENCLOITRE
MERCY
BOSTENS
HON-HERGIES
CUIRY-LES-CHAUDARDES
CASTELNAUD-DE-GRATECAMBE
INVAL-BOIRON
ORLIAC-DE-BAR
SUZETTE
VOLX
ASTAILLAC
MAGNICOURT-SUR-CANCHE
MARSAIS-SAINTE-RADEGONDE
CONDE-SUR-L'ESCAUT
ANGLEMONT
MONESPLE
YZERNAY
BEY-SUR-SEILLE
SAINT-ALBAN-EN-MONTAGNE
PLESSIS-BARBUISE
ESTREE-WAMIN
SAINT-MARTIAL-DE-GIMEL
VEREAUX
GREZ-SUR-LOING
POINSON-LES-FAYL
SAINT-DENIS-DES-COUDRAIS
COULOBRES
DAMPLEUX
SAINT-LUNAIRE
MONTAGNIEU
IGUERANDE
BAGNOT
SAINT-BONNET-LES-ALLIER
CHADRAC
SAINT-JEANNET
SAINT-MARTIN-DU-VAR
SOUMAINTRAIN
VILLARS-SAINT-GEORGES
COUERON
SAINT-FORT-SUR-LE-NE
BALADOU
MEAUZAC
JAILLON
NEUVY-EN-BEAUCE
NEBIAN
PRADELLES-CABARDES
CIREY
PADERN
BLIGNY-SUR-OUCHE
VILLELONGUE-D'AUDE
SAINT-SORNIN
CHALAIN-D'UZORE
DAMMARIE-SUR-SAULX
BELLENOD-SUR-SEINE
FRONTENARD
PENOL
MARIGNY-LES-REULLEE
LOURDOUEIX-SAINT-MICHEL
NANCOIS-SUR-ORNAIN
SERLEY
BESSONCOURT
SAINT-JACQUES-DES-BLATS
SAVIGNY-EN-REVERMONT
REUIL-SUR-BRECHE
SAINT-CIERS-D'ABZAC
SAULCHERY
ABBEVILLE
MONTBRAS
PONTFAVERGER-MORONVILLIERS
LECT
MOUILLAC
MARLY
SAINT-ANDRE-D'ALLAS
SAINT-GERMAIN-LA-VILLE
AGONGES
LIEURAN-CABRIERES
SERVAS
BAZOCHES
CHEIN-DESSUS
SAINT-GERMAIN-DE-MONTGOMMERY
GANZEVILLE
ABANCOURT
EMBRY
OBERSAASHEIM
FRAYSSINHES
TRACY-LE-VAL
VILLE-EN-WOEVRE
MANCEY
PANZOULT
LABASTIDE-CLERMONT
GRENAY
LONGAVESNES
ASCOU
TAMPON
DOURIEZ
TORTEFONTAINE
LAGARDE-HACHAN
BOURSONNE
COLOMBE-LA-FOSSE
CESANCEY
VIGNOT
CHARNOD
SAINT-FLOXEL
SAINT-ELOI
COURBOIN
SAINT-HILAIRE-DE-CHALEONS
VELLEGUINDRY-ET-LEVRECEY
VILLERS-LES-BOIS
LURCY
CHAMESOL
ESCLASSAN-LABASTIDE
SAINT-JEAN-DE-RIVES
MAZILLE
BRUSVILY
ARROSES
LAURAC
EPAGNE
MARIGNY-BRIZAY
CHAULGNES
MALZY
MOLINS-SUR-AUBE
SAMEON
CASTERA-LANUSSE
HODENT
FLERS-EN-ESCREBIEUX
PIERREFONDS
FROBERVILLE
L'ETANG-LA-VILLE
TRUCY-SUR-YONNE
SAINT-AGNAN-DE-CERNIERES
PLANCOET
SOLEYMIEUX
ROZOY-LE-VIEIL
BONNEGARDE
GANDELAIN
SAINT-AUBIN-SUR-SCIE
SAINT-PASTOUR
BONS-TASSILLY
GEVROLLES
REVELLES
VANDIERES
HEUBECOURT-HARICOURT
NOYAL-CHATILLON-SUR-SEICHE
PLOUMILLIAU
CHAVENON
MAROLLES-EN-HUREPOIX
MORVILLE-SUR-ANDELLE
VIELMUR-SUR-AGOUT
HACHAN
SAINT-MAURICE-SAINT-GERMAIN
SINDERES
###
A
GONFREVILLE-L'ORCHER
SAINT-VINCENT-DES-PRES
SAINT-LUPIEN
MERTEN
DUN-LES-PLACES
MAZZOLA
MOULINS-SUR-YEVRE
TOMBLAINE
ASQUE
BANIOS
MONTAGNY-PRES-LOUHANS
VERNEUIL-SUR-AVRE
UTELLE
BEBLENHEIM
MONNETIER-MORNEX
ROMANSWILLER
DOULEZON
LUGARDE
YGRANDE
SAIRES-LA-VERRERIE
BOLAZEC
HODENG-HODENGER
SOURSAC
HERGNIES
LABALME
BOUAN
COIGNIERES
CHARCIER
CIRAN
NOIRLIEU
VIRANDEVILLE
JOEUF
EPIAIS-LES-LOUVRES
ROCHETAILLEE
SAINT-GEORGES-DE-RENEINS
BOULAY-LES-IFS
ESTRABLIN
TAURIGNAN-CASTET
SAINT-SULPICE-LES-CHAMPS
MESNIL-VERCLIVES
COLLINEE
BIEVILLE
JUILLAN
FLIN
MENETOU-SUR-NAHON
TANAVELLE
MAS-SAINTES-PUELLES
VIEUX-PORT
CESSENS
GRISY-SUR-SEINE
GOULT
BRIELLES
PLUMIEUX
PECHABOU
KRIEGSHEIM
NEUVES-MAISONS
PONT-LES-MOULINS
BOULZICOURT
LATOUR-EN-WOEVRE
SAINT-GEORGES-ARMONT
HEIMSBRUNN
SANT'ANDREA-DI-COTONE
LOUBENS-LAURAGAIS
SAINT-CAPRAIS-DE-BORDEAUX
BARCY
PAIMPOL
BLANZAC-LES-MATHA
NEUVILLE-SUR-ESCAUT
RENNES-EN-GRENOUILLES
SAINT-JEAN-D'ETREUX
MONTVERDUN
ARCOMPS
FLEURY-LA-RIVIERE
ALLAS-LES-MINES
CANTELOUP
SARTES
SAINT-THELO
COMBLOUX
BOUSSES
BLUSSANS
BEAUMETTES
VERN-SUR-SEICHE
VONNAS
CHEMERE
THORE-LA-ROCHETTE
SAINT-PARIZE-LE-CHATEL
LAUJUZAN
ECARDENVILLE-SUR-EURE
RIEUMES
EYSINES
PREAUX-BOCAGE
BALIROS
TEISSIERES-DE-CORNET
SERQUIGNY
CHENEVIERES
MONTREUIL
SAINT-SEINE
CLUSES
ASPACH-LE-BAS
BAGERT
BOURBERAIN
CHARLY-SUR-MARNE
CUREMONTE
MERXHEIM
VALEZAN
LOMBARD
SAINT-MARTIN-TERRESSUS
LINY-DEVANT-DUN
CHAUFFAILLES
SEBEVILLE
LAMOTHE-FENELON
LINDRE-BASSE
VIOCOURT
CHOUSSY
BORAN-SUR-OISE
THIERS
BALESTA
MONTILS
GOULVEN
SAINT-JULIEN-MAUMONT
SALLES-CURAN
PERRIERES
###
A
TAGLIO-ISOLACCIO
ROUVROY-RIPONT
MARAMBAT
SAINT-VENANT
LEREN
VINDRAC-ALAYRAC
VENEY
ZOTEUX
CORGENGOUX
VILLELONGUE
GEMAINGOUTTE
LIGNY-LES-AIRE
BULLOU
MAZEYROLLES
SOMMEILLES
SOMMERVIEU
GOUDARGUES
FRANSART
SAINT-AMBROIX
NOTRE-DAME-DE-LONDRES
SAINT-EUSTACHE
LAVAL-EN-LAONNOIS
COMBRAY
COYECQUES
CLERE-DU-BOIS
TOURNON-D'AGENAIS
NEUVILLEY
WINGERSHEIM
SAINT-PATRICE
MONTGARDON
VULBENS
MOTTEVILLE
SAINT-QUENTIN-SUR-ISERE
DIEFFENTHAL
SERRIS
NOYAL-SUR-VILAINE
BOURGUEIL
BRAYE-SOUS-FAYE
VERTAULT
QUEVEN
ARCIS-LE-PONSART
CASTELNAVET
HAUTOT-LE-VATOIS
VILLE-AU-VAL
LEUGNY
BANDRABOUA
DAMMARTIN-SUR-MEUSE
DAMMARIE-LES-LYS
LAROIN
ESTIRAC
BOIS-D'AMONT
RABOU
LAAS
SAINT-SAUVANT
URCIERS
VITERBE
SOIZY-AUX-BOIS
BARNAVE
JALONS
MALAUCOURT-SUR-SEILLE
SAINT-JULIEN-LE-PETIT
CHAMPIGNY-LES-LANGRES
GAVRES
CIZANCOURT
MAISONCELLES-LA-JOURDAN
WALDWISSE
SAINT-ETIENNE-SUR-CHALARONNE
SAINT-ANGEAU
ABILLY
L'HABIT
BACHOS
MERINVILLE
SOULTZ-SOUS-FORETS
NOTRE-DAME-DU-PE
SAINT-BENOIT-D'HEBERTOT
ARTHAZ-PONT-NOTRE-DAME
MOUSTOIR-REMUNGOL
SEYNOD
WEISLINGEN
TAULIGNAN
BEOST
ALLONS
MERLAUT
ROCHECORBON
VILLEBAUDON
SAINT-DENIS-D'AUGERONS
CAUSSE-ET-DIEGE
SEGALAS
RAUWILLER
PONT-MELVEZ
MELIGNY-LE-GRAND
GOLFECH
FRANCIN
DAIGNY
DAVEZIEUX
SAINT-ETIENNE-LES-ORGUES
VILLERS-AGRON-AIGUIZY
EXMES
COSTA
MIELLIN
LANRIGAN
LUBBON
TROUHAUT
BLOTZHEIM
MESSEIN
BERNAY-EN-PONTHIEU
MEON
LIMOURS
THOU
ORMES-ET-VILLE
AMPILLY-LE-SEC
SAINTE-MARIE-LA-BLANCHE
SAINT-VINCENT-DE-REINS
VENSAT
TROULEY-LABARTHE
BERNARDVILLE
BETPLAN
CHIDDES
DOURGES
CITRY
MALLEMOISSON
FOURTOU
QUASQUARA
TILLOLOY
SAINT-FELIX-DE-PALLIERES
NESLETTE
FLAUJAC-GARE
SAINT-PERAN
SAINT-POMPONT
MARENLA
PAUTAINES-AUGEVILLE
FRASNE-LE-CHATEAU
CHAIGNAY
PAYROUX
BICQUELEY
FENIERS
CHASSIEU
VILLARD-SUR-DORON
MIONS
ETRETAT
POMAREDE
BOUILLE-LORETZ
MIRAMONT-DE-QUERCY
MARGERIE-HANCOURT
VALLE-D'OREZZA
JASSERON
SOSPEL
VITTEFLEUR
OISON
ISCHES
ROGERVILLE
SECLIN
PLASSAC-ROUFFIAC
SAINT-MARTIN-D'AUBIGNY
COULOMBY
SAINT-LEONARD-DES-BOIS
FERRIERES-LES-RAY
CORDESSE
CULOZ
LIGNY-EN-CAMBRESIS
LIESLE
SAINT-PRIEST-LA-FEUILLE
ESPERCE
SAINT-HILAIRE-EN-MORVAN
CHEROY
POULX
VANNOZ
HAMELET
WOELFLING-LES-SARREGUEMINES
ERGNIES
SAINT-AGNE
CONTEST
HILBESHEIM
SALEILLES
SAINT-MARTIN-LONGUEAU
SAINT-MARTIN-DU-BEC
ESPAS
CHANGE
PERREX
PIETRA-DI-VERDE
ATHESANS-ETROITEFONTAINE
RAUCOURT
CHARPEY
UGNY-SUR-MEUSE
BOURNAND
THIAT
SERZY-ET-PRIN
BOURNIQUEL
ERIZE-LA-BRULEE
ROUVILLERS
BEAUVILLIERS
DARGOIRE
BARST
SAINT-CHRISTOPHE-VALLON
SAINT-NIZIER-LE-DESERT
CENEVIERES
GAILLEFONTAINE
MOIDIEU-DETOURBE
FEAS
MONTGRELEIX
MISSY-LES-PIERREPONT
CHARD
MONTAMEL
JALLAUCOURT
ORCEVAUX
ESSEY
LABOURGADE
MONTESQUIEU-LAURAGAIS
BAR-LE-DUC
SAINT-PATERNE
PLESNOIS
SAINT-JEAN-DE-LINIERES
MOTEY-BESUCHE
JARNOSSE
ORVEAU-BELLESAUVE
DOMJEAN
CAYCHAX
MONTMARLON
CHANOY
BRINDAS
CAMARADE
BREZIERS
SAINTE-ANASTASIE
LEGUILLAC-DE-CERCLES
MONTBONNOT-SAINT-MARTIN
BELCODENE
CRESPIAN
BOURRET
SAINT-JOUIN-DE-BLAVOU
VAUX-SUR-SEULLES
VILLERS-DEVANT-DUN
ANNECY
GIVRON
ANDELOT-EN-MONTAGNE
LANGONNET
LIEURAN-LES-BEZIERS
BETHEMONT-LA-FORET
SAUVETERRE-SAINT-DENIS
BY
BARISIS
CHARNECLES
BOUSSAIS
MANZIAT
SAINT-HILAIRE-DE-GONDILLY
MAGLAND
HOHFRANKENHEIM
DOMPIERRE-SUR-HERY
HUGLEVILLE-EN-CAUX
LIEUCOURT
MONNES
EGLISE-NEUVE-D'ISSAC
CESARVILLE-DOSSAINVILLE
ESCALES
TROSLY-BREUIL
ALLEVARD
SAINT-THURIEN
SAINTE-MARIE-EN-CHANOIS
CHEVAGNY-SUR-GUYE
BEYNES
MAUVEZIN-DE-SAINTE-CROIX
SOTURAC
VILLEBOURG
CHARTRONGES
MARMANHAC
MANONCOURT-EN-WOEVRE
VELENNES
GUIRY-EN-VEXIN
OURDIS-COTDOUSSAN
YFFINIAC
L'AIGUILLON-SUR-MER
AUTIGNAC
NEUILLY-SUR-MARNE
DOUILLET
MARCOLES
CHIVRES-VAL
CORNE
MANTHELON
VILLEPAIL
MONTUSCLAT
NEUVILLE-SAINT-REMY
SAINT-LEGER-EN-YVELINES
DREUIL-LES-AMIENS
CAUSSOLS
MONTCOURT-FROMONVILLE
SAUVETERRE-DE-ROUERGUE
CUILLE
IRANCY
MASSAC-SERAN
SAINT-JEAN-DE-CUCULLES
AMBACOURT
BOISLEUX-AU-MONT
MEDIERE
VERPEL
SAINTE-ENIMIE
CONDAT-LES-MONTBOISSIER
LIVRY
SAINS
ARGIUSTA-MORICCIO
RAINNEVILLE
REBERGUES
FRANSU
CRESPINET
HAGETAUBIN
BOIRY-NOTRE-DAME
SAINT-PIERRE-LA-COUR
SOUILLY
KERFOT
L'OUDON
SAINT-PAIR-SUR-MER
SAMER
PISSOTTE
PLANAISE
SAINT-EUGENE
VILLEMEREUIL
PONT-DE-VAUX
FLINES-LEZ-RACHES
SAINT-LAURENT-D'OINGT
LOMPNIEU
SUARCE
MUZY
AVILLEY
LANGOAT
GRAINVILLE-SUR-ODON
GRON
CERNANS
PULIGNY-MONTRACHET
TASQUE
DOMFRONT-EN-CHAMPAGNE
AVEZAN
MONTLEBON
BESSE-SUR-ISSOLE
MONTORD
OSSUN-EZ-ANGLES
BUEIL-EN-TOURAINE
HAGECOURT
COUTRAS
THUMEREVILLE
MUSCOURT
VILLENEUVE-SAINT-SALVES
LEFFRINCKOUCKE
TANCONVILLE
BRIEUIL-SUR-CHIZE
SAINT-MAURICE-CRILLAT
EPEUGNEY
VIRIGNEUX
NAUVIALE
SALICE
MONTARLOT-LES-RIOZ
PONT-TRAMBOUZE
VERREY-SOUS-SALMAISE
ASCROS
LAMOTTE-BREBIERE
MAISONS-LAFFITTE
SAINT-CHRISTOPHE-EN-OISANS
CORNILLON-SUR-L'OULE
VITRY-SUR-ORNE
VILLAMBLARD
SABADEL-LATRONQUIERE
###
A
LACHAUSSEE
LONGCHAMPS
MARLIENS
AISEY-ET-RICHECOURT
VILLERS-CHEMIN-ET-MONT-LES-ETRELLES
ROSCANVEL
PREUILLY
SAINT-CYR-LE-GRAVELAIS
CONCHES-EN-OUCHE
DEVROUZE
JOSAT
CORSCIA
MORIZECOURT
CHAMPOULET
LUSSANT
CHAZELLES-SUR-ALBE
MONTMOREAU-SAINT-CYBARD
THIVERNY
SAINT-DIDIER-AU-MONT-D'OR
TONNAC
POLINCOVE
ROUHE
CHAMPLIN
VAIGES
MONTBAZON
QUINCY-SOUS-LE-MONT
BELLESERRE
LARREY
LANDECOURT
SAINT-GEORGES-DE-NOISNE
DONNELAY
SPYCKER
ARTHEZ-DE-BEARN
SAINT-JOSSE
GUEMENE-SUR-SCORFF
PONTCHARRA-SUR-TURDINE
BOURBACH-LE-BAS
VAIRE
CLAIRFAYTS
AUDINGHEN
GUENIN
FERRETTE
AUJAN-MOURNEDE
MALRAS
BOURDALAT
CIPIERES
LIAUSSON
MESVES-SUR-LOIRE
ALZONNE
MAXENT
SYAM
MOLLKIRCH
BEAUMONT-MONTEUX
GRESSEY
MURVIEL-LES-MONTPELLIER
LAVOYE
MASSINGY
PARFONDRU
VILLERS-SOUS-MONTROND
ANSOST
DAMAS-AUX-BOIS
MEALLET
SAINT-EUSTACHE-LA-FORET
FRONTENEX
JONCY
TOURTOUR
FURIANI
SOULAIRE-ET-BOURG
VATTEVILLE
FLOTTEMANVILLE-HAGUE
ARCONVILLE
CHARBONNIERES
ESTADENS
LEZOUX
LABESSIERE-CANDEIL
BARBAGGIO
PLAGNOLE
SAINT-TRIVIER-SUR-MOIGNANS
SEMENS
CHEVAIGNE
ROGLIANO
GIZY
LEYCHERT
MONCEAU-LE-NEUF-ET-FAUCOUZY
SAINT-PIERRE-DE-MAILLOC
###
A
MARTIEL
SOUEL
CHEVINCOURT
ALTVILLER
MOUVAUX
BERTEAUCOURT-LES-DAMES
ROGNON
RAULHAC
SAINTE-CECILE
LUNERAY
BEYNAC
SAINT-JEAN-LA-BUSSIERE
EYLIAC
CHEVRY-SOUS-LE-BIGNON
BRAUD-ET-SAINT-LOUIS
CULLY
VAUX-LAVALETTE
VALOUSE
GEVIGNEY-ET-MERCEY
LEURVILLE
BEAUVOIR-EN-ROYANS
QUEMIGNY-SUR-SEINE
TEMPLEUX-LE-GUERARD
ALSTING
LY-FONTAINE
LIEURAC
MASPARRAUTE
AMAZY
VILLERS-SAINT-PAUL
SEICH
MONTGRAS
LANDAVILLE
LOULAY
VILLEFAGNAN
YVIERS
WACQUINGHEN
SAINTE-CROIX-A-LAUZE
BERMERIES
MONTREUIL-AUX-LIONS
BOURESCHES
MONTSALES
SAINT-CYR-LES-COLONS
DOSSENHEIM-KOCHERSBERG
ALBERTVILLE
DOUY-LA-RAMEE
SAINT-GEORGES-D'AUNAY
TREBABU
MENIL-VIN
DENTING
SERMOYER
BOISGASSON
DOMMARIEN
BEDOUES
COMMERCY
SAINT-GEORGES-LE-GAULTIER
ENCHASTRAYES
LACANAU
SAINTE-EULALIE-DE-CERNON
VILLAMEE
ROUFFIGNY
###
B
PILLEMOINE
HARCY
AUBETERRE-SUR-DRONNE
SAINT-CHRISTOPHE-SUR-GUIERS
GELANNES
LAMORLAYE
FREMEREVILLE-SOUS-LES-COTES
MERTRUD
RAISSAC-D'AUDE
VY-LES-RUPT
REIGNAT
TREMELOIR
GUISCARD
CARTICASI
CUZANCE
RODILHAN
SAINT-HILAIRE-DE-LUSIGNAN
COULLEMELLE
PAISY-COSDON
REZE
LASTIC
HANGVILLER
FRAUENBERG
LAPEYRERE
CENDREY
XIROCOURT
CADILLON
SOMMEPY-TAHURE
BOISVILLE-LA-SAINT-PERE
MORAND
SAINT-MARTIN-D'OYDES
SOMMANT
BRAIN-SUR-ALLONNES
TOUILLE
ISSEPTS
SAINT-GERMAIN-LAVOLPS
MAZEROLLES-DU-RAZES
LEFFARD
PREIXAN
SAINT-AQUILIN-DE-PACY
NEUVE-EGLISE
CHAMBERAUD
TOCQUEVILLE
BEUIL
VAUPOISSON
OULMES
BRINAY
LUANT
TANINGES
ROQUESERIERE
ALLEZ-ET-CAZENEUVE
FOURGES
PLOUEC-DU-TRIEUX
THUIT-HEBERT
CHAILLAC
LADERN-SUR-LAUQUET
PUGNAC
CELLE
CHAUVAC-LAUX-MONTAUX
VEAUNES
MONTBLANC
ANROSEY
CARCES
SARCY
VILLEVALLIER
FOULANGUES
ARRY
LANHERES
CHARTRES-DE-BRETAGNE
SAINT-DENIS-DU-PIN
HACQUEVILLE
JUILLAC-LE-COQ
BEDEILHAC-ET-AYNAT
SILLE-LE-PHILIPPE
TAILLET
BILLANCOURT
SAINT-ANDRE-CAPCEZE
CIRCOURT-SUR-MOUZON
ROUELLE
TRAMERY
CUNEL
SAINT-LAURENT-SUR-SAONE
BOURG-LE-ROI
ETAIS-LA-SAUVIN
AUJARGUES
SEZANNE
VILLIERS-EN-PLAINE
ARX
VAULX-VRAUCOURT
VIC-LE-FESQ
MAILLY-RAINEVAL
BOURGUIGNONS
GREZ-NEUVILLE
CHEVREMONT
###
C
MONTAZEAU
BEGARD
PLOURAY
BIVIERS
BREVILLERS
VAUCIENNES
HENIN-BEAUMONT
VEZANNES
SAINT-PIERRE-SAINT-JEAN
SAINT-HILAIRE-SUR-RISLE
ERGUE-GABERIC
TRIQUEVILLE
BESSY
CAUSSE-BEGON
WINTERSHOUSE
BRETTE-LES-PINS
LOISIN
SAINT-FELIX-LAURAGAIS
